2018-06-14 11:37:54.957 [main] INFO  org.clamshellcli.impl.CliShell - [loadComponents] ==>console=org.clamshellcli.impl.CliConsole@2669b199
2018-06-14 11:37:55.025 [main] INFO  org.clamshellcli.impl.CliShell - *********************************************************************************
2018-06-14 11:37:55.025 [main] INFO  org.clamshellcli.impl.CliShell - *********************************************************************************
2018-06-14 11:37:55.026 [main] INFO  org.clamshellcli.impl.CliShell - *********************************************************************************
2018-06-14 11:37:55.026 [main] INFO  org.clamshellcli.impl.CliShell - [configureController]  ctrlsMap=[{com.github.dapeng.plugins.commands.ZkController={enabled=true, inputPattern=\s*(.*)\b.*, expectedInputs=[]}}]
2018-06-14 11:37:55.026 [main] INFO  org.clamshellcli.impl.CliShell - *********************************************************************************
2018-06-14 11:37:55.026 [main] INFO  org.clamshellcli.impl.CliShell - *********************************************************************************
2018-06-14 11:37:55.026 [main] INFO  org.clamshellcli.impl.CliShell - *********************************************************************************
2018-06-14 11:37:55.026 [main] INFO  com.github.dapeng.plugins.commands.ZkController - [loadCommands] ==> Step into load commands....
2018-06-14 11:37:55.026 [main] INFO  com.github.dapeng.plugins.commands.ZkController - loadCommands ==> ServiceLoader: java.util.ServiceLoader[org.clamshellcli.api.Command]
2018-06-14 11:37:55.027 [main] INFO  com.github.dapeng.plugins.commands.ZkController -  Dapeng load command:[exit]com.github.dapeng.plugins.ExitCmd@2758fe70
2018-06-14 11:37:55.028 [main] INFO  com.github.dapeng.plugins.commands.ZkController -  Dapeng load command:[help]com.github.dapeng.plugins.HelpCmd@1dfe2924
2018-06-14 11:37:55.029 [main] INFO  com.github.dapeng.plugins.commands.ZkController -  Dapeng load command:[sysinfo]com.github.dapeng.plugins.SysInfoCmd@32709393
2018-06-14 11:37:55.030 [main] INFO  com.github.dapeng.plugins.commands.ZkController -  Dapeng load command:[metadata]com.github.dapeng.plugins.MetadataCmd@4973813a
2018-06-14 11:37:55.030 [main] INFO  com.github.dapeng.plugins.commands.ZkController -  Dapeng load command:[json]com.github.dapeng.plugins.JsonCmd@3b084709
2018-06-14 11:37:55.032 [main] INFO  com.github.dapeng.plugins.commands.ZkController -  Dapeng load command:[zk]com.github.dapeng.plugins.ZkCmd@72b6cbcc
2018-06-14 11:37:55.033 [main] INFO  com.github.dapeng.plugins.commands.ZkController -  Dapeng load command:[service]com.github.dapeng.plugins.ServiceCmd@4bbfb90a
2018-06-14 11:37:55.033 [main] INFO  com.github.dapeng.plugins.commands.ZkController -  Dapeng load command:[request]com.github.dapeng.plugins.RequestCmd@5e853265
2018-06-14 11:37:55.097 [main] INFO  com.github.dapeng.plugins.commands.ZkController -  Dapeng load command:[set]com.github.dapeng.plugins.SetCmd@4e7dc304
2018-06-14 11:37:55.098 [main] INFO  com.github.dapeng.plugins.commands.ZkController -  Dapeng load command:[unset]com.github.dapeng.plugins.UnSetCmd@184f6be2
2018-06-14 11:37:55.098 [main] INFO  com.github.dapeng.plugins.commands.ZkController -  Dapeng load command:[method]com.github.dapeng.plugins.MethodCmd@394e1a0f
2018-06-14 11:38:35.542 [main] INFO  org.clamshellcli.impl.CliShell - [loadComponents] ==>console=org.clamshellcli.impl.CliConsole@7ca48474
2018-06-14 11:38:35.596 [main] INFO  org.clamshellcli.impl.CliShell - *********************************************************************************
2018-06-14 11:38:35.596 [main] INFO  org.clamshellcli.impl.CliShell - *********************************************************************************
2018-06-14 11:38:35.596 [main] INFO  org.clamshellcli.impl.CliShell - *********************************************************************************
2018-06-14 11:38:35.596 [main] INFO  org.clamshellcli.impl.CliShell - [configureController]  ctrlsMap=[{com.github.dapeng.plugins.commands.ZkController={enabled=true, inputPattern=\s*(.*)\b.*, expectedInputs=[]}}]
2018-06-14 11:38:35.596 [main] INFO  org.clamshellcli.impl.CliShell - *********************************************************************************
2018-06-14 11:38:35.597 [main] INFO  org.clamshellcli.impl.CliShell - *********************************************************************************
2018-06-14 11:38:35.597 [main] INFO  org.clamshellcli.impl.CliShell - *********************************************************************************
2018-06-14 11:38:35.597 [main] INFO  com.github.dapeng.plugins.commands.ZkController - [loadCommands] ==> Step into load commands....
2018-06-14 11:38:35.597 [main] INFO  com.github.dapeng.plugins.commands.ZkController - loadCommands ==> ServiceLoader: java.util.ServiceLoader[org.clamshellcli.api.Command]
2018-06-14 11:38:35.598 [main] INFO  com.github.dapeng.plugins.commands.ZkController -  Dapeng load command:[exit]com.github.dapeng.plugins.ExitCmd@7fac631b
2018-06-14 11:38:35.599 [main] INFO  com.github.dapeng.plugins.commands.ZkController -  Dapeng load command:[help]com.github.dapeng.plugins.HelpCmd@23e028a9
2018-06-14 11:40:25.766 [main] INFO  org.clamshellcli.impl.CliShell - [loadComponents] ==>console=org.clamshellcli.impl.CliConsole@7ca48474
2018-06-14 11:40:25.824 [main] INFO  org.clamshellcli.impl.CliShell - *********************************************************************************
2018-06-14 11:40:25.824 [main] INFO  org.clamshellcli.impl.CliShell - *********************************************************************************
2018-06-14 11:40:25.824 [main] INFO  org.clamshellcli.impl.CliShell - *********************************************************************************
2018-06-14 11:40:25.824 [main] INFO  org.clamshellcli.impl.CliShell - [configureController]  ctrlsMap=[{com.github.dapeng.plugins.commands.ZkController={enabled=true, inputPattern=\s*(.*)\b.*, expectedInputs=[]}}]
2018-06-14 11:40:25.824 [main] INFO  org.clamshellcli.impl.CliShell - *********************************************************************************
2018-06-14 11:40:25.824 [main] INFO  org.clamshellcli.impl.CliShell - *********************************************************************************
2018-06-14 11:40:25.824 [main] INFO  org.clamshellcli.impl.CliShell - *********************************************************************************
2018-06-14 11:40:25.824 [main] INFO  com.github.dapeng.plugins.commands.ZkController - [loadCommands] ==> Step into load commands....
2018-06-14 11:40:25.824 [main] INFO  com.github.dapeng.plugins.commands.ZkController - loadCommands ==> ServiceLoader: java.util.ServiceLoader[org.clamshellcli.api.Command]
2018-06-14 11:40:25.825 [main] INFO  com.github.dapeng.plugins.commands.ZkController -  Dapeng load command:[exit]com.github.dapeng.plugins.ExitCmd@7fac631b
2018-06-14 11:40:25.826 [main] INFO  com.github.dapeng.plugins.commands.ZkController -  Dapeng load command:[help]com.github.dapeng.plugins.HelpCmd@23e028a9
2018-06-14 11:40:25.827 [main] INFO  com.github.dapeng.plugins.commands.ZkController -  Dapeng load command:[sysinfo]com.github.dapeng.plugins.SysInfoCmd@5c5a1b69
2018-06-14 11:40:31.401 [Thread-2] INFO  com.github.dapeng.plugins.commands.ZkController - [handle] ==>step into handle... cmdLine=[info],this.respondsTo=[\s*(.*)\b.*]
2018-06-14 11:40:31.401 [Thread-2] INFO  com.github.dapeng.plugins.commands.ZkController - [handle] ==>respondsTo.matcher(cmdLine).matches()=[true]
2018-06-14 11:40:31.401 [Thread-2] INFO  com.github.dapeng.plugins.commands.ZkController - [handle] ==> commands=[{exit=com.github.dapeng.plugins.ExitCmd@7fac631b, help=com.github.dapeng.plugins.HelpCmd@23e028a9, sysinfo=com.github.dapeng.plugins.SysInfoCmd@5c5a1b69}],tokens = [[info]]
2018-06-14 11:40:31.402 [Thread-2] INFO  com.github.dapeng.plugins.commands.ZkController - %nCommand [%s] is unknown. Type help for a list of installed commands.
2018-06-14 11:40:38.721 [Thread-2] INFO  com.github.dapeng.plugins.commands.ZkController - [handle] ==>step into handle... cmdLine=[help],this.respondsTo=[\s*(.*)\b.*]
2018-06-14 11:40:38.721 [Thread-2] INFO  com.github.dapeng.plugins.commands.ZkController - [handle] ==>respondsTo.matcher(cmdLine).matches()=[true]
2018-06-14 11:40:38.721 [Thread-2] INFO  com.github.dapeng.plugins.commands.ZkController - [handle] ==> commands=[{exit=com.github.dapeng.plugins.ExitCmd@7fac631b, help=com.github.dapeng.plugins.HelpCmd@23e028a9, sysinfo=com.github.dapeng.plugins.SysInfoCmd@5c5a1b69}],tokens = [[help]]
2018-06-14 11:40:38.721 [Thread-2] INFO  com.github.dapeng.plugins.commands.ZkController - [handle] ==>Command[com.github.dapeng.plugins.HelpCmd@23e028a9] execute
2018-06-14 11:40:38.721 [Thread-2] INFO  com.github.dapeng.plugins.HelpCmd - [execute] ==> help command execute....
2018-06-14 11:40:38.722 [Thread-2] INFO  com.github.dapeng.plugins.HelpCmd - [execute] ==> args =null,ctx.getIoConsole()=org.clamshellcli.impl.CliConsole@7ca48474
2018-06-14 11:40:48.424 [Thread-2] INFO  com.github.dapeng.plugins.commands.ZkController - [handle] ==>step into handle... cmdLine=[sysinfo],this.respondsTo=[\s*(.*)\b.*]
2018-06-14 11:40:48.424 [Thread-2] INFO  com.github.dapeng.plugins.commands.ZkController - [handle] ==>respondsTo.matcher(cmdLine).matches()=[true]
2018-06-14 11:40:48.424 [Thread-2] INFO  com.github.dapeng.plugins.commands.ZkController - [handle] ==> commands=[{exit=com.github.dapeng.plugins.ExitCmd@7fac631b, help=com.github.dapeng.plugins.HelpCmd@23e028a9, sysinfo=com.github.dapeng.plugins.SysInfoCmd@5c5a1b69}],tokens = [[sysinfo]]
2018-06-14 11:40:48.424 [Thread-2] INFO  com.github.dapeng.plugins.commands.ZkController - [handle] ==>Command[com.github.dapeng.plugins.SysInfoCmd@5c5a1b69] execute
2018-06-14 11:40:48.424 [Thread-2] INFO  com.github.dapeng.plugins.SysInfoCmd - [execute] ==> sysinfo command execute....
2018-06-14 11:40:48.425 [Thread-2] INFO  com.github.dapeng.plugins.SysInfoCmd - [execute] ==> c=org.clamshellcli.impl.CliConsole@7ca48474,args=null
2018-06-14 11:42:54.298 [main] INFO  org.clamshellcli.impl.CliShell - [loadComponents] ==>console=org.clamshellcli.impl.CliConsole@6537cf78
2018-06-14 11:42:54.351 [main] INFO  org.clamshellcli.impl.CliShell - *********************************************************************************
2018-06-14 11:42:54.351 [main] INFO  org.clamshellcli.impl.CliShell - *********************************************************************************
2018-06-14 11:42:54.351 [main] INFO  org.clamshellcli.impl.CliShell - *********************************************************************************
2018-06-14 11:42:54.351 [main] INFO  org.clamshellcli.impl.CliShell - [configureController]  ctrlsMap=[{com.github.dapeng.plugins.commands.ZkController={enabled=true, inputPattern=\s*(.*)\b.*, expectedInputs=[]}}]
2018-06-14 11:42:54.351 [main] INFO  org.clamshellcli.impl.CliShell - *********************************************************************************
2018-06-14 11:42:54.351 [main] INFO  org.clamshellcli.impl.CliShell - *********************************************************************************
2018-06-14 11:42:54.351 [main] INFO  org.clamshellcli.impl.CliShell - *********************************************************************************
2018-06-14 11:42:54.352 [main] INFO  com.github.dapeng.plugins.commands.ZkController - [loadCommands] ==> Step into load commands....
2018-06-14 11:42:54.352 [main] INFO  com.github.dapeng.plugins.commands.ZkController - loadCommands ==> ServiceLoader: java.util.ServiceLoader[org.clamshellcli.api.Command]
2018-06-14 11:42:54.353 [main] INFO  com.github.dapeng.plugins.commands.ZkController -  Dapeng load command:[exit]com.github.dapeng.plugins.ExitCmd@6536e911
2018-06-14 11:42:54.354 [main] INFO  com.github.dapeng.plugins.commands.ZkController -  Dapeng load command:[help]com.github.dapeng.plugins.HelpCmd@6f1fba17
2018-06-14 11:42:54.354 [main] INFO  com.github.dapeng.plugins.commands.ZkController -  Dapeng load command:[sysinfo]com.github.dapeng.plugins.SysInfoCmd@eec5a4a
2018-06-14 11:42:57.792 [Thread-2] INFO  com.github.dapeng.plugins.commands.ZkController - [handle] ==>step into handle... cmdLine=[help],this.respondsTo=[\s*(.*)\b.*]
2018-06-14 11:42:57.793 [Thread-2] INFO  com.github.dapeng.plugins.commands.ZkController - [handle] ==>respondsTo.matcher(cmdLine).matches()=[true]
2018-06-14 11:42:57.793 [Thread-2] INFO  com.github.dapeng.plugins.commands.ZkController - [handle] ==> commands=[{exit=com.github.dapeng.plugins.ExitCmd@6536e911, help=com.github.dapeng.plugins.HelpCmd@6f1fba17, sysinfo=com.github.dapeng.plugins.SysInfoCmd@eec5a4a}],tokens = [[help]]
2018-06-14 11:42:57.793 [Thread-2] INFO  com.github.dapeng.plugins.commands.ZkController - [handle] ==>Command[com.github.dapeng.plugins.HelpCmd@6f1fba17] execute
2018-06-14 11:42:57.793 [Thread-2] INFO  com.github.dapeng.plugins.HelpCmd - [execute] ==> help command execute....
2018-06-14 11:42:57.793 [Thread-2] INFO  com.github.dapeng.plugins.HelpCmd - [execute] ==> args =null,ctx.getIoConsole()=org.clamshellcli.impl.CliConsole@6537cf78
2018-06-14 14:53:59.425 [main] INFO  org.clamshellcli.impl.CliShell - [loadComponents] ==>console=org.clamshellcli.impl.CliConsole@6537cf78
2018-06-14 14:53:59.484 [main] INFO  org.clamshellcli.impl.CliShell - *********************************************************************************
2018-06-14 14:53:59.484 [main] INFO  org.clamshellcli.impl.CliShell - *********************************************************************************
2018-06-14 14:53:59.484 [main] INFO  org.clamshellcli.impl.CliShell - *********************************************************************************
2018-06-14 14:53:59.484 [main] INFO  org.clamshellcli.impl.CliShell - [configureController]  ctrlsMap=[{com.github.dapeng.plugins.commands.ZkController={enabled=true, inputPattern=\s*(.*)\b.*, expectedInputs=[]}}]
2018-06-14 14:53:59.484 [main] INFO  org.clamshellcli.impl.CliShell - *********************************************************************************
2018-06-14 14:53:59.484 [main] INFO  org.clamshellcli.impl.CliShell - *********************************************************************************
2018-06-14 14:53:59.484 [main] INFO  org.clamshellcli.impl.CliShell - *********************************************************************************
2018-06-14 14:53:59.484 [main] INFO  com.github.dapeng.plugins.commands.ZkController - [loadCommands] ==> Step into load commands....
2018-06-14 14:53:59.484 [main] INFO  com.github.dapeng.plugins.commands.ZkController - loadCommands ==> ServiceLoader: java.util.ServiceLoader[org.clamshellcli.api.Command]
2018-06-14 14:53:59.485 [main] INFO  com.github.dapeng.plugins.commands.ZkController -  Dapeng load command:[exit]com.github.dapeng.plugins.ExitCmd@6536e911
2018-06-14 14:53:59.486 [main] INFO  com.github.dapeng.plugins.commands.ZkController -  Dapeng load command:[help]com.github.dapeng.plugins.HelpCmd@6f1fba17
2018-06-14 14:53:59.487 [main] INFO  com.github.dapeng.plugins.commands.ZkController -  Dapeng load command:[sysinfo]com.github.dapeng.plugins.SysInfoCmd@eec5a4a
2018-06-14 14:54:05.438 [Thread-2] INFO  com.github.dapeng.plugins.commands.ZkController - [handle] ==>step into handle... cmdLine=[help],this.respondsTo=[\s*(.*)\b.*]
2018-06-14 14:54:05.438 [Thread-2] INFO  com.github.dapeng.plugins.commands.ZkController - [handle] ==>respondsTo.matcher(cmdLine).matches()=[true]
2018-06-14 14:54:05.438 [Thread-2] INFO  com.github.dapeng.plugins.commands.ZkController - [handle] ==> commands=[{exit=com.github.dapeng.plugins.ExitCmd@6536e911, help=com.github.dapeng.plugins.HelpCmd@6f1fba17, sysinfo=com.github.dapeng.plugins.SysInfoCmd@eec5a4a}],tokens = [[help]]
2018-06-14 14:54:05.438 [Thread-2] INFO  com.github.dapeng.plugins.commands.ZkController - [handle] ==>Command[com.github.dapeng.plugins.HelpCmd@6f1fba17] execute
2018-06-14 14:54:05.439 [Thread-2] INFO  com.github.dapeng.plugins.HelpCmd - [execute] ==> help command execute....
2018-06-14 14:54:05.439 [Thread-2] INFO  com.github.dapeng.plugins.HelpCmd - [execute] ==> args =null,ctx.getIoConsole()=org.clamshellcli.impl.CliConsole@6537cf78
2018-06-14 15:21:32.019 [main] INFO  org.clamshellcli.impl.CliShell - [loadComponents] ==>console=org.clamshellcli.impl.CliConsole@6537cf78
2018-06-14 15:21:32.076 [main] INFO  org.clamshellcli.impl.CliShell - *********************************************************************************
2018-06-14 15:21:32.077 [main] INFO  org.clamshellcli.impl.CliShell - *********************************************************************************
2018-06-14 15:21:32.077 [main] INFO  org.clamshellcli.impl.CliShell - *********************************************************************************
2018-06-14 15:21:32.077 [main] INFO  org.clamshellcli.impl.CliShell - [configureController]  ctrlsMap=[{com.github.dapeng.plugins.commands.ZkController={enabled=true, inputPattern=\s*(.*)\b.*, expectedInputs=[]}}]
2018-06-14 15:21:32.077 [main] INFO  org.clamshellcli.impl.CliShell - *********************************************************************************
2018-06-14 15:21:32.077 [main] INFO  org.clamshellcli.impl.CliShell - *********************************************************************************
2018-06-14 15:21:32.077 [main] INFO  org.clamshellcli.impl.CliShell - *********************************************************************************
2018-06-14 15:21:32.077 [main] INFO  com.today.plugins.commands.ZkController - [loadCommands] ==> Step into load commands....
2018-06-14 15:21:32.077 [main] INFO  com.today.plugins.commands.ZkController - loadCommands ==> ServiceLoader: java.util.ServiceLoader[org.clamshellcli.api.Command]
2018-06-14 15:21:32.078 [main] INFO  com.today.plugins.commands.ZkController -  Dapeng load command:[exit]com.today.plugins.ExitCmd@6536e911
2018-06-14 15:21:32.079 [main] INFO  com.today.plugins.commands.ZkController -  Dapeng load command:[help]com.today.plugins.HelpCmd@6f1fba17
2018-06-14 15:21:32.079 [main] INFO  com.today.plugins.commands.ZkController -  Dapeng load command:[sysinfo]com.today.plugins.SysInfoCmd@eec5a4a
2018-06-14 16:26:02.929 [main] INFO  org.clamshellcli.impl.CliShell - [loadComponents] ==>console=org.clamshellcli.impl.CliConsole@6537cf78
2018-06-14 16:26:02.988 [main] INFO  org.clamshellcli.impl.CliShell - *********************************************************************************
2018-06-14 16:26:02.988 [main] INFO  org.clamshellcli.impl.CliShell - *********************************************************************************
2018-06-14 16:26:02.988 [main] INFO  org.clamshellcli.impl.CliShell - *********************************************************************************
2018-06-14 16:26:02.988 [main] INFO  org.clamshellcli.impl.CliShell - [configureController]  ctrlsMap=[{com.github.dapeng.plugins.commands.ZkController={enabled=true, inputPattern=\s*(.*)\b.*, expectedInputs=[]}}]
2018-06-14 16:26:02.988 [main] INFO  org.clamshellcli.impl.CliShell - *********************************************************************************
2018-06-14 16:26:02.988 [main] INFO  org.clamshellcli.impl.CliShell - *********************************************************************************
2018-06-14 16:26:02.988 [main] INFO  org.clamshellcli.impl.CliShell - *********************************************************************************
2018-06-14 16:26:02.988 [main] INFO  com.today.plugins.commands.ZkController - [loadCommands] ==> Step into load commands....
2018-06-14 16:26:02.988 [main] INFO  com.today.plugins.commands.ZkController - loadCommands ==> ServiceLoader: java.util.ServiceLoader[org.clamshellcli.api.Command]
2018-06-14 16:26:02.990 [main] INFO  com.today.plugins.commands.ZkController -  Dapeng load command:[exit]com.today.plugins.ExitCmd@6536e911
2018-06-14 16:26:02.990 [main] INFO  com.today.plugins.commands.ZkController -  Dapeng load command:[help]com.today.plugins.HelpCmd@6f1fba17
2018-06-14 16:26:02.991 [main] INFO  com.today.plugins.commands.ZkController -  Dapeng load command:[sysinfo]com.today.plugins.SysInfoCmd@eec5a4a
2018-06-14 16:31:10.797 [main] INFO  org.clamshellcli.impl.CliShell - [loadComponents] ==>console=org.clamshellcli.impl.CliConsole@6537cf78
2018-06-14 16:31:10.855 [main] INFO  org.clamshellcli.impl.CliShell - *********************************************************************************
2018-06-14 16:31:10.855 [main] INFO  org.clamshellcli.impl.CliShell - *********************************************************************************
2018-06-14 16:31:10.855 [main] INFO  org.clamshellcli.impl.CliShell - *********************************************************************************
2018-06-14 16:31:10.855 [main] INFO  org.clamshellcli.impl.CliShell - [configureController]  ctrlsMap=[{com.github.dapeng.plugins.commands.ZkController={enabled=true, inputPattern=\s*(.*)\b.*, expectedInputs=[]}}]
2018-06-14 16:31:10.855 [main] INFO  org.clamshellcli.impl.CliShell - *********************************************************************************
2018-06-14 16:31:10.855 [main] INFO  org.clamshellcli.impl.CliShell - *********************************************************************************
2018-06-14 16:31:10.855 [main] INFO  org.clamshellcli.impl.CliShell - *********************************************************************************
2018-06-14 16:31:10.855 [main] INFO  com.today.plugins.commands.ZkController - [loadCommands] ==> Step into load commands....
2018-06-14 16:31:10.855 [main] INFO  com.today.plugins.commands.ZkController - loadCommands ==> ServiceLoader: java.util.ServiceLoader[org.clamshellcli.api.Command]
2018-06-14 16:31:10.855 [main] INFO  com.today.plugins.commands.ZkController -  Dapeng load command:[exit]com.today.plugins.ExitCmd@6536e911
2018-06-14 16:31:10.856 [main] INFO  com.today.plugins.commands.ZkController -  Dapeng load command:[help]com.today.plugins.HelpCmd@6f1fba17
2018-06-14 16:31:10.857 [main] INFO  com.today.plugins.commands.ZkController -  Dapeng load command:[sysinfo]com.today.plugins.SysInfoCmd@eec5a4a
2018-06-14 16:36:33.900 [main] INFO  org.clamshellcli.impl.CliShell - [loadComponents] ==>console=org.clamshellcli.impl.CliConsole@6537cf78
2018-06-14 16:36:33.960 [main] INFO  org.clamshellcli.impl.CliShell - *********************************************************************************
2018-06-14 16:36:33.960 [main] INFO  org.clamshellcli.impl.CliShell - *********************************************************************************
2018-06-14 16:36:33.960 [main] INFO  org.clamshellcli.impl.CliShell - *********************************************************************************
2018-06-14 16:36:33.960 [main] INFO  org.clamshellcli.impl.CliShell - [configureController]  ctrlsMap=[{com.today.plugins.commands.ZkController={enabled=true, inputPattern=\s*(.*)\b.*, expectedInputs=[]}}]
2018-06-14 16:36:33.960 [main] INFO  org.clamshellcli.impl.CliShell - *********************************************************************************
2018-06-14 16:36:33.960 [main] INFO  org.clamshellcli.impl.CliShell - *********************************************************************************
2018-06-14 16:36:33.960 [main] INFO  org.clamshellcli.impl.CliShell - *********************************************************************************
2018-06-14 16:36:33.960 [main] INFO  com.today.plugins.commands.ZkController - [loadCommands] ==> Step into load commands....
2018-06-14 16:36:33.961 [main] INFO  com.today.plugins.commands.ZkController - loadCommands ==> ServiceLoader: java.util.ServiceLoader[org.clamshellcli.api.Command]
2018-06-14 16:36:33.962 [main] INFO  com.today.plugins.commands.ZkController -  Dapeng load command:[exit]com.today.plugins.ExitCmd@6536e911
2018-06-14 16:36:33.963 [main] INFO  com.today.plugins.commands.ZkController -  Dapeng load command:[help]com.today.plugins.HelpCmd@6f1fba17
2018-06-14 16:36:33.964 [main] INFO  com.today.plugins.commands.ZkController -  Dapeng load command:[sysinfo]com.today.plugins.SysInfoCmd@eec5a4a
2018-06-14 16:36:37.023 [Thread-2] INFO  com.today.plugins.commands.ZkController - [handle] ==>step into handle... cmdLine=[help],this.respondsTo=[\s*(.*)\b.*]
2018-06-14 16:36:37.023 [Thread-2] INFO  com.today.plugins.commands.ZkController - [handle] ==>respondsTo.matcher(cmdLine).matches()=[true]
2018-06-14 16:36:37.024 [Thread-2] INFO  com.today.plugins.commands.ZkController - [handle] ==> commands=[{exit=com.today.plugins.ExitCmd@6536e911, help=com.today.plugins.HelpCmd@6f1fba17, sysinfo=com.today.plugins.SysInfoCmd@eec5a4a}],tokens = [[help]]
2018-06-14 16:36:37.024 [Thread-2] INFO  com.today.plugins.commands.ZkController - [handle] ==>Command[com.today.plugins.HelpCmd@6f1fba17] execute
2018-06-14 16:36:37.024 [Thread-2] INFO  com.today.plugins.HelpCmd - [execute] ==> help command execute....
2018-06-14 16:36:37.024 [Thread-2] INFO  com.today.plugins.HelpCmd - [execute] ==> args =null,ctx.getIoConsole()=org.clamshellcli.impl.CliConsole@6537cf78
2018-06-14 16:36:43.126 [Thread-2] INFO  com.today.plugins.commands.ZkController - [handle] ==>step into handle... cmdLine=[exit],this.respondsTo=[\s*(.*)\b.*]
2018-06-14 16:36:43.126 [Thread-2] INFO  com.today.plugins.commands.ZkController - [handle] ==>respondsTo.matcher(cmdLine).matches()=[true]
2018-06-14 16:36:43.126 [Thread-2] INFO  com.today.plugins.commands.ZkController - [handle] ==> commands=[{exit=com.today.plugins.ExitCmd@6536e911, help=com.today.plugins.HelpCmd@6f1fba17, sysinfo=com.today.plugins.SysInfoCmd@eec5a4a}],tokens = [[exit]]
2018-06-14 16:36:43.126 [Thread-2] INFO  com.today.plugins.commands.ZkController - [handle] ==>Command[com.today.plugins.ExitCmd@6536e911] execute
2018-06-14 17:13:25.452 [main] INFO  org.clamshellcli.impl.CliShell - [loadComponents] ==>console=org.clamshellcli.impl.CliConsole@6537cf78
2018-06-14 17:13:25.509 [main] INFO  org.clamshellcli.impl.CliShell - *********************************************************************************
2018-06-14 17:13:25.510 [main] INFO  org.clamshellcli.impl.CliShell - *********************************************************************************
2018-06-14 17:13:25.510 [main] INFO  org.clamshellcli.impl.CliShell - *********************************************************************************
2018-06-14 17:13:25.510 [main] INFO  org.clamshellcli.impl.CliShell - [configureController]  ctrlsMap=[{com.today.plugins.commands.ZkController={enabled=true, inputPattern=\s*(.*)\b.*, expectedInputs=[]}}]
2018-06-14 17:13:25.510 [main] INFO  org.clamshellcli.impl.CliShell - *********************************************************************************
2018-06-14 17:13:25.510 [main] INFO  org.clamshellcli.impl.CliShell - *********************************************************************************
2018-06-14 17:13:25.510 [main] INFO  org.clamshellcli.impl.CliShell - *********************************************************************************
2018-06-14 17:13:25.510 [main] INFO  com.today.plugins.commands.ZkController - [loadCommands] ==> Step into load commands....
2018-06-14 17:13:25.510 [main] INFO  com.today.plugins.commands.ZkController - loadCommands ==> ServiceLoader: java.util.ServiceLoader[org.clamshellcli.api.Command]
2018-06-14 17:13:25.511 [main] INFO  com.today.plugins.commands.ZkController -  Dapeng load command:[exit]com.today.plugins.ExitCmd@6536e911
2018-06-14 17:13:25.512 [main] INFO  com.today.plugins.commands.ZkController -  Dapeng load command:[help]com.today.plugins.HelpCmd@6f1fba17
2018-06-14 17:13:25.513 [main] INFO  com.today.plugins.commands.ZkController -  Dapeng load command:[sysinfo]com.today.plugins.SysInfoCmd@eec5a4a
2018-06-14 17:13:37.173 [Thread-2] INFO  com.today.plugins.commands.ZkController - [handle] ==>step into handle... cmdLine=[help],this.respondsTo=[\s*(.*)\b.*]
2018-06-14 17:13:37.173 [Thread-2] INFO  com.today.plugins.commands.ZkController - [handle] ==>respondsTo.matcher(cmdLine).matches()=[true]
2018-06-14 17:13:37.174 [Thread-2] INFO  com.today.plugins.commands.ZkController - [handle] ==> commands=[{exit=com.today.plugins.ExitCmd@6536e911, help=com.today.plugins.HelpCmd@6f1fba17, sysinfo=com.today.plugins.SysInfoCmd@eec5a4a}],tokens = [[help]]
2018-06-14 17:13:37.174 [Thread-2] INFO  com.today.plugins.commands.ZkController - [handle] ==>Command[com.today.plugins.HelpCmd@6f1fba17] execute
2018-06-14 17:13:37.174 [Thread-2] INFO  com.today.plugins.HelpCmd - [execute] ==> help command execute....
2018-06-14 17:13:37.174 [Thread-2] INFO  com.today.plugins.HelpCmd - [execute] ==> args =null,ctx.getIoConsole()=org.clamshellcli.impl.CliConsole@6537cf78
2018-06-14 17:13:52.086 [Thread-2] INFO  com.today.plugins.commands.ZkController - [handle] ==>step into handle... cmdLine=[genreport -db member],this.respondsTo=[\s*(.*)\b.*]
2018-06-14 17:13:52.086 [Thread-2] INFO  com.today.plugins.commands.ZkController - [handle] ==>respondsTo.matcher(cmdLine).matches()=[true]
2018-06-14 17:13:52.086 [Thread-2] INFO  com.today.plugins.commands.ZkController - [handle] ==> commands=[{exit=com.today.plugins.ExitCmd@6536e911, help=com.today.plugins.HelpCmd@6f1fba17, sysinfo=com.today.plugins.SysInfoCmd@eec5a4a}],tokens = [[genreport, -db, member]]
2018-06-14 17:13:52.086 [Thread-2] INFO  com.today.plugins.commands.ZkController - %nCommand [%s] is unknown. Type help for a list of installed commands.
2018-06-14 17:17:04.929 [main] INFO  org.clamshellcli.impl.CliShell - [loadComponents] ==>console=org.clamshellcli.impl.CliConsole@6537cf78
2018-06-14 17:17:04.989 [main] INFO  org.clamshellcli.impl.CliShell - *********************************************************************************
2018-06-14 17:17:04.989 [main] INFO  org.clamshellcli.impl.CliShell - *********************************************************************************
2018-06-14 17:17:04.989 [main] INFO  org.clamshellcli.impl.CliShell - *********************************************************************************
2018-06-14 17:17:04.989 [main] INFO  org.clamshellcli.impl.CliShell - [configureController]  ctrlsMap=[{com.today.plugins.commands.ZkController={enabled=true, inputPattern=\s*(.*)\b.*, expectedInputs=[]}}]
2018-06-14 17:17:04.989 [main] INFO  org.clamshellcli.impl.CliShell - *********************************************************************************
2018-06-14 17:17:04.989 [main] INFO  org.clamshellcli.impl.CliShell - *********************************************************************************
2018-06-14 17:17:04.990 [main] INFO  org.clamshellcli.impl.CliShell - *********************************************************************************
2018-06-14 17:17:04.990 [main] INFO  com.today.plugins.commands.ZkController - [loadCommands] ==> Step into load commands....
2018-06-14 17:17:04.990 [main] INFO  com.today.plugins.commands.ZkController - loadCommands ==> ServiceLoader: java.util.ServiceLoader[org.clamshellcli.api.Command]
2018-06-14 17:17:04.991 [main] INFO  com.today.plugins.commands.ZkController -  Dapeng load command:[exit]com.today.plugins.ExitCmd@6536e911
2018-06-14 17:17:04.992 [main] INFO  com.today.plugins.commands.ZkController -  Dapeng load command:[help]com.today.plugins.HelpCmd@6f1fba17
2018-06-14 17:17:04.992 [main] INFO  com.today.plugins.commands.ZkController -  Dapeng load command:[sysinfo]com.today.plugins.SysInfoCmd@eec5a4a
2018-06-14 17:17:04.994 [main] INFO  com.today.plugins.commands.ZkController -  Dapeng load command:[genreport]com.today.plugins.GenReportCmd@5a8e6209
2018-06-14 17:17:16.478 [Thread-2] INFO  com.today.plugins.commands.ZkController - [handle] ==>step into handle... cmdLine=[genreport -db member],this.respondsTo=[\s*(.*)\b.*]
2018-06-14 17:17:16.478 [Thread-2] INFO  com.today.plugins.commands.ZkController - [handle] ==>respondsTo.matcher(cmdLine).matches()=[true]
2018-06-14 17:17:16.478 [Thread-2] INFO  com.today.plugins.commands.ZkController - [handle] ==> commands=[{exit=com.today.plugins.ExitCmd@6536e911, help=com.today.plugins.HelpCmd@6f1fba17, sysinfo=com.today.plugins.SysInfoCmd@eec5a4a, genreport=com.today.plugins.GenReportCmd@5a8e6209}],tokens = [[genreport, -db, member]]
2018-06-14 17:17:16.478 [Thread-2] INFO  com.today.plugins.commands.ZkController - [handle] ==>Command[com.today.plugins.GenReportCmd@5a8e6209] execute
2018-06-14 17:17:16.479 [Thread-2] INFO  com.today.plugins.HelpCmd - [execute] ==> inputArgs=[{-db=member}]
2018-06-14 17:17:28.199 [Thread-2] INFO  com.today.plugins.commands.ZkController - [handle] ==>step into handle... cmdLine=[genreport -db  member],this.respondsTo=[\s*(.*)\b.*]
2018-06-14 17:17:28.199 [Thread-2] INFO  com.today.plugins.commands.ZkController - [handle] ==>respondsTo.matcher(cmdLine).matches()=[true]
2018-06-14 17:17:28.199 [Thread-2] INFO  com.today.plugins.commands.ZkController - [handle] ==> commands=[{exit=com.today.plugins.ExitCmd@6536e911, help=com.today.plugins.HelpCmd@6f1fba17, sysinfo=com.today.plugins.SysInfoCmd@eec5a4a, genreport=com.today.plugins.GenReportCmd@5a8e6209}],tokens = [[genreport, -db, member]]
2018-06-14 17:17:28.199 [Thread-2] INFO  com.today.plugins.commands.ZkController - [handle] ==>Command[com.today.plugins.GenReportCmd@5a8e6209] execute
2018-06-14 17:17:28.199 [Thread-2] INFO  com.today.plugins.HelpCmd - [execute] ==> inputArgs=[{-db=member}]
2018-06-14 17:17:33.710 [Thread-2] INFO  com.today.plugins.commands.ZkController - [handle] ==>step into handle... cmdLine=[genreport -db  member  ],this.respondsTo=[\s*(.*)\b.*]
2018-06-14 17:17:33.710 [Thread-2] INFO  com.today.plugins.commands.ZkController - [handle] ==>respondsTo.matcher(cmdLine).matches()=[true]
2018-06-14 17:17:33.710 [Thread-2] INFO  com.today.plugins.commands.ZkController - [handle] ==> commands=[{exit=com.today.plugins.ExitCmd@6536e911, help=com.today.plugins.HelpCmd@6f1fba17, sysinfo=com.today.plugins.SysInfoCmd@eec5a4a, genreport=com.today.plugins.GenReportCmd@5a8e6209}],tokens = [[genreport, -db, member]]
2018-06-14 17:17:33.710 [Thread-2] INFO  com.today.plugins.commands.ZkController - [handle] ==>Command[com.today.plugins.GenReportCmd@5a8e6209] execute
2018-06-14 17:17:33.710 [Thread-2] INFO  com.today.plugins.HelpCmd - [execute] ==> inputArgs=[{-db=member}]
2018-06-14 17:17:38.134 [Thread-2] INFO  com.today.plugins.commands.ZkController - [handle] ==>step into handle... cmdLine=[genreport -db  member  skfnsdjk],this.respondsTo=[\s*(.*)\b.*]
2018-06-14 17:17:38.134 [Thread-2] INFO  com.today.plugins.commands.ZkController - [handle] ==>respondsTo.matcher(cmdLine).matches()=[true]
2018-06-14 17:17:38.134 [Thread-2] INFO  com.today.plugins.commands.ZkController - [handle] ==> commands=[{exit=com.today.plugins.ExitCmd@6536e911, help=com.today.plugins.HelpCmd@6f1fba17, sysinfo=com.today.plugins.SysInfoCmd@eec5a4a, genreport=com.today.plugins.GenReportCmd@5a8e6209}],tokens = [[genreport, -db, member, skfnsdjk]]
2018-06-14 17:17:38.134 [Thread-2] INFO  com.today.plugins.commands.ZkController - [handle] ==>Command[com.today.plugins.GenReportCmd@5a8e6209] execute
2018-06-14 17:17:38.135 [Thread-2] INFO  com.today.plugins.HelpCmd - [execute] ==> inputArgs=[{-db=member}]
2018-06-14 17:28:04.669 [Thread-2] INFO  com.today.plugins.commands.ZkController - [handle] ==>step into handle... cmdLine=[exit],this.respondsTo=[\s*(.*)\b.*]
2018-06-14 17:28:04.670 [Thread-2] INFO  com.today.plugins.commands.ZkController - [handle] ==>respondsTo.matcher(cmdLine).matches()=[true]
2018-06-14 17:28:04.670 [Thread-2] INFO  com.today.plugins.commands.ZkController - [handle] ==> commands=[{exit=com.today.plugins.ExitCmd@6536e911, help=com.today.plugins.HelpCmd@6f1fba17, sysinfo=com.today.plugins.SysInfoCmd@eec5a4a, genreport=com.today.plugins.GenReportCmd@5a8e6209}],tokens = [[exit]]
2018-06-14 17:28:04.670 [Thread-2] INFO  com.today.plugins.commands.ZkController - [handle] ==>Command[com.today.plugins.ExitCmd@6536e911] execute
2018-06-14 17:28:30.018 [main] INFO  org.clamshellcli.impl.CliShell - [loadComponents] ==>console=org.clamshellcli.impl.CliConsole@6537cf78
2018-06-14 17:28:30.076 [main] INFO  org.clamshellcli.impl.CliShell - *********************************************************************************
2018-06-14 17:28:30.076 [main] INFO  org.clamshellcli.impl.CliShell - *********************************************************************************
2018-06-14 17:28:30.076 [main] INFO  org.clamshellcli.impl.CliShell - *********************************************************************************
2018-06-14 17:28:30.076 [main] INFO  org.clamshellcli.impl.CliShell - [configureController]  ctrlsMap=[{com.today.plugins.commands.ZkController={enabled=true, inputPattern=\s*(.*)\b.*, expectedInputs=[]}}]
2018-06-14 17:28:30.077 [main] INFO  org.clamshellcli.impl.CliShell - *********************************************************************************
2018-06-14 17:28:30.077 [main] INFO  org.clamshellcli.impl.CliShell - *********************************************************************************
2018-06-14 17:28:30.077 [main] INFO  org.clamshellcli.impl.CliShell - *********************************************************************************
2018-06-14 17:28:30.077 [main] INFO  com.today.cmd.plugins.commands.ZkController - [loadCommands] ==> Step into load commands....
2018-06-14 17:28:30.077 [main] INFO  com.today.cmd.plugins.commands.ZkController - loadCommands ==> ServiceLoader: java.util.ServiceLoader[org.clamshellcli.api.Command]
2018-06-14 17:28:30.078 [main] INFO  com.today.cmd.plugins.commands.ZkController -  Dapeng load command:[exit]com.today.cmd.plugins.ExitCmd@6536e911
2018-06-14 17:28:30.079 [main] INFO  com.today.cmd.plugins.commands.ZkController -  Dapeng load command:[help]com.today.cmd.plugins.HelpCmd@6f1fba17
2018-06-14 17:28:30.080 [main] INFO  com.today.cmd.plugins.commands.ZkController -  Dapeng load command:[sysinfo]com.today.cmd.plugins.SysInfoCmd@eec5a4a
2018-06-14 17:28:30.081 [main] INFO  com.today.cmd.plugins.commands.ZkController -  Dapeng load command:[genreport]com.today.cmd.plugins.GenReportCmd@5a8e6209
2018-06-14 17:30:07.524 [main] INFO  org.clamshellcli.impl.CliShell - [loadComponents] ==>console=org.clamshellcli.impl.CliConsole@6537cf78
2018-06-14 17:30:07.582 [main] INFO  org.clamshellcli.impl.CliShell - *********************************************************************************
2018-06-14 17:30:07.582 [main] INFO  org.clamshellcli.impl.CliShell - *********************************************************************************
2018-06-14 17:30:07.582 [main] INFO  org.clamshellcli.impl.CliShell - *********************************************************************************
2018-06-14 17:30:07.582 [main] INFO  org.clamshellcli.impl.CliShell - [configureController]  ctrlsMap=[{com.today.cmd.plugins.commands.ZkController={enabled=true, inputPattern=\s*(.*)\b.*, expectedInputs=[]}}]
2018-06-14 17:30:07.583 [main] INFO  org.clamshellcli.impl.CliShell - *********************************************************************************
2018-06-14 17:30:07.583 [main] INFO  org.clamshellcli.impl.CliShell - *********************************************************************************
2018-06-14 17:30:07.583 [main] INFO  org.clamshellcli.impl.CliShell - *********************************************************************************
2018-06-14 17:30:07.583 [main] INFO  com.today.cmd.plugins.commands.ZkController - [loadCommands] ==> Step into load commands....
2018-06-14 17:30:07.584 [main] INFO  com.today.cmd.plugins.commands.ZkController - loadCommands ==> ServiceLoader: java.util.ServiceLoader[org.clamshellcli.api.Command]
2018-06-14 17:30:07.585 [main] INFO  com.today.cmd.plugins.commands.ZkController -  Dapeng load command:[exit]com.today.cmd.plugins.ExitCmd@6536e911
2018-06-14 17:30:07.586 [main] INFO  com.today.cmd.plugins.commands.ZkController -  Dapeng load command:[help]com.today.cmd.plugins.HelpCmd@6f1fba17
2018-06-14 17:30:07.587 [main] INFO  com.today.cmd.plugins.commands.ZkController -  Dapeng load command:[sysinfo]com.today.cmd.plugins.SysInfoCmd@eec5a4a
2018-06-14 17:30:07.587 [main] INFO  com.today.cmd.plugins.commands.ZkController -  Dapeng load command:[genreport]com.today.cmd.plugins.GenReportCmd@5a8e6209
2018-06-14 17:30:16.926 [Thread-2] INFO  com.today.cmd.plugins.commands.ZkController - [handle] ==>step into handle... cmdLine=[genreport -db member],this.respondsTo=[\s*(.*)\b.*]
2018-06-14 17:30:16.927 [Thread-2] INFO  com.today.cmd.plugins.commands.ZkController - [handle] ==>respondsTo.matcher(cmdLine).matches()=[true]
2018-06-14 17:30:16.927 [Thread-2] INFO  com.today.cmd.plugins.commands.ZkController - [handle] ==> commands=[{exit=com.today.cmd.plugins.ExitCmd@6536e911, help=com.today.cmd.plugins.HelpCmd@6f1fba17, sysinfo=com.today.cmd.plugins.SysInfoCmd@eec5a4a, genreport=com.today.cmd.plugins.GenReportCmd@5a8e6209}],tokens = [[genreport, -db, member]]
2018-06-14 17:30:16.927 [Thread-2] INFO  com.today.cmd.plugins.commands.ZkController - [handle] ==>Command[com.today.cmd.plugins.GenReportCmd@5a8e6209] execute
2018-06-14 17:30:16.928 [Thread-2] INFO  com.today.cmd.plugins.HelpCmd - [execute] ==> inputArgs=[{-db=member}]
2018-06-14 18:07:54.630 [Thread-2] INFO  com.today.cmd.plugins.commands.ZkController - [handle] ==>step into handle... cmdLine=[exit],this.respondsTo=[\s*(.*)\b.*]
2018-06-14 18:07:54.631 [Thread-2] INFO  com.today.cmd.plugins.commands.ZkController - [handle] ==>respondsTo.matcher(cmdLine).matches()=[true]
2018-06-14 18:07:54.631 [Thread-2] INFO  com.today.cmd.plugins.commands.ZkController - [handle] ==> commands=[{exit=com.today.cmd.plugins.ExitCmd@6536e911, help=com.today.cmd.plugins.HelpCmd@6f1fba17, sysinfo=com.today.cmd.plugins.SysInfoCmd@eec5a4a, genreport=com.today.cmd.plugins.GenReportCmd@5a8e6209}],tokens = [[exit]]
2018-06-14 18:07:54.631 [Thread-2] INFO  com.today.cmd.plugins.commands.ZkController - [handle] ==>Command[com.today.cmd.plugins.ExitCmd@6536e911] execute
